Assembler report for Atv06
<<<<<<< HEAD
Sat Oct 14 21:10:10 2023
=======
Sat Oct 14 06:04:00 2023
>>>>>>> 77db001fd1786aa808d628cf9270c75f5f01dc42
Quartus Prime Version 20.1.0 Build 711 06/05/2020 SJ Lite Edition


---------------------
; Table of Contents ;
---------------------
  1. Legal Notice
  2. Assembler Summary
  3. Assembler Settings
  4. Assembler Generated Files
  5. Assembler Device Options: C:/Descomp/Descomp/entregaInt/Aula08/output_files/Atv06.sof
  6. Assembler Messages



----------------
; Legal Notice ;
----------------
Copyright (C) 2020  Intel Corporation. All rights reserved.
Your use of Intel Corporation's design tools, logic functions 
and other software and tools, and any partner logic 
functions, and any output files from any of the foregoing 
(including device programming or simulation files), and any 
associated documentation or information are expressly subject 
to the terms and conditions of the Intel Program License 
Subscription Agreement, the Intel Quartus Prime License Agreement,
the Intel FPGA IP License Agreement, or other applicable license
agreement, including, without limitation, that your use is for
the sole purpose of programming logic devices manufactured by
Intel and sold by Intel or its authorized distributors.  Please
refer to the applicable agreement for further details, at
https://fpgasoftware.intel.com/eula.



+---------------------------------------------------------------+
; Assembler Summary                                             ;
+-----------------------+---------------------------------------+
<<<<<<< HEAD
; Assembler Status      ; Successful - Sat Oct 14 21:10:10 2023 ;
=======
; Assembler Status      ; Successful - Sat Oct 14 06:04:00 2023 ;
>>>>>>> 77db001fd1786aa808d628cf9270c75f5f01dc42
; Revision Name         ; Atv06                                 ;
; Top-level Entity Name ; Atv06                                 ;
; Family                ; Cyclone V                             ;
; Device                ; 5CEBA4F23C7                           ;
+-----------------------+---------------------------------------+


+----------------------------------+
; Assembler Settings               ;
+--------+---------+---------------+
; Option ; Setting ; Default Value ;
+--------+---------+---------------+


+-------------------------------------------------------------+
; Assembler Generated Files                                   ;
+-------------------------------------------------------------+
; File Name                                                   ;
+-------------------------------------------------------------+
; C:/Descomp/Descomp/entregaInt/Aula08/output_files/Atv06.sof ;
+-------------------------------------------------------------+


<<<<<<< HEAD
+-------------------------------------------------------------------------------+
; Assembler Device Options: C:/Descomp/entregaInt/Aula08/output_files/Atv06.sof ;
+----------------+--------------------------------------------------------------+
; Option         ; Setting                                                      ;
+----------------+--------------------------------------------------------------+
; JTAG usercode  ; 0x0050511E                                                   ;
; Checksum       ; 0x0050511E                                                   ;
+----------------+--------------------------------------------------------------+
=======
+---------------------------------------------------------------------------------------+
; Assembler Device Options: C:/Descomp/Descomp/entregaInt/Aula08/output_files/Atv06.sof ;
+----------------+----------------------------------------------------------------------+
; Option         ; Setting                                                              ;
+----------------+----------------------------------------------------------------------+
; JTAG usercode  ; 0x005F4A33                                                           ;
; Checksum       ; 0x005F4A33                                                           ;
+----------------+----------------------------------------------------------------------+
>>>>>>> 77db001fd1786aa808d628cf9270c75f5f01dc42


+--------------------+
; Assembler Messages ;
+--------------------+
Info: *******************************************************************
Info: Running Quartus Prime Assembler
    Info: Version 20.1.0 Build 711 06/05/2020 SJ Lite Edition
<<<<<<< HEAD
    Info: Processing started: Sat Oct 14 21:10:07 2023
=======
    Info: Processing started: Sat Oct 14 06:03:57 2023
>>>>>>> 77db001fd1786aa808d628cf9270c75f5f01dc42
Info: Command: quartus_asm --read_settings_files=off --write_settings_files=off Atv06 -c Atv06
Warning (18236): Number of processors has not been specified which may cause overloading on shared machines.  Set the global assignment NUM_PARALLEL_PROCESSORS in your QSF to an appropriate value for best performance.
Info (115030): Assembler is generating device programming files
Info: Quartus Prime Assembler was successful. 0 errors, 1 warning
<<<<<<< HEAD
    Info: Peak virtual memory: 4827 megabytes
    Info: Processing ended: Sat Oct 14 21:10:10 2023
=======
    Info: Peak virtual memory: 4831 megabytes
    Info: Processing ended: Sat Oct 14 06:04:00 2023
>>>>>>> 77db001fd1786aa808d628cf9270c75f5f01dc42
    Info: Elapsed time: 00:00:03
    Info: Total CPU time (on all processors): 00:00:03


